-- Found ament_cmake: 1.3.12 (/opt/ros/humble/share/ament_cmake/cmake)
-- Found rclcpp: 16.0.14 (/opt/ros/humble/share/rclcpp/cmake)
-- Found rosidl_generator_c: 3.1.7 (/opt/ros/humble/share/rosidl_generator_c/cmake)
-- Found rosidl_adapter: 3.1.7 (/opt/ros/humble/share/rosidl_adapter/cmake)
-- Found rosidl_generator_cpp: 3.1.7 (/opt/ros/humble/share/rosidl_generator_cpp/cmake)
-- Using all available rosidl_typesupport_c: rosidl_typesupport_fastrtps_c;rosidl_typesupport_introspection_c
-- Using all available rosidl_typesupport_cpp: rosidl_typesupport_fastrtps_cpp;rosidl_typesupport_introspection_cpp
-- Found rmw_implementation_cmake: 6.1.2 (/opt/ros/humble/share/rmw_implementation_cmake/cmake)
-- Found rmw_fastrtps_cpp: 6.2.8 (/opt/ros/humble/share/rmw_fastrtps_cpp/cmake)
-- Using RMW implementation 'rmw_fastrtps_cpp' as default
-- Found sensor_msgs: 4.9.0 (/opt/ros/humble/share/sensor_msgs/cmake)
-- Found ament_lint_auto: 0.12.14 (/opt/ros/humble/share/ament_lint_auto/cmake)
-- Added test 'cppcheck' to perform static code analysis on C / C++ code
-- Configured cppcheck include dirs: 
-- Configured cppcheck exclude dirs and/or files: 
-- Added test 'lint_cmake' to check CMake code style
-- Added test 'uncrustify' to check C / C++ code style
-- Configured uncrustify additional arguments: 
-- Added test 'xmllint' to check XML markup files
-- Configuring done
-- Generating done
-- Build files have been written to: /home/akun/workspace/CAR/simulation_ws/build/sim_imu
[ 50%] [32mBuilding CXX object CMakeFiles/sim_imu.dir/src/sim_imu.cpp.o[0m
[01m[K/home/akun/workspace/CAR/simulation_ws/sim_imu/src/sim_imu.cpp:7:41:[m[K [01;31m[Kerror: [m[Kâ€˜[01m[KPointCloud2[m[Kâ€™ is not a member of â€˜[01m[Ksensor_msgs::msg[m[Kâ€™
    7 |     rclcpp::Publisher<sensor_msgs::msg::[01;31m[KPointCloud2[m[K>::SharedPtr publisher_imu;
      |                                         [01;31m[K^~~~~~~~~~~[m[K
[01m[K/home/akun/workspace/CAR/simulation_ws/sim_imu/src/sim_imu.cpp:7:52:[m[K [01;31m[Kerror: [m[Ktemplate argument 1 is invalid
    7 |     rclcpp::Publisher<sensor_msgs::msg::PointCloud2[01;31m[K>[m[K::SharedPtr publisher_imu;
      |                                                    [01;31m[K^[m[K
[01m[K/home/akun/workspace/CAR/simulation_ws/sim_imu/src/sim_imu.cpp:7:55:[m[K [01;31m[Kerror: [m[Kexpected â€˜[01m[K;[m[Kâ€™ at end of member declaration
    7 |     rclcpp::Publisher<sensor_msgs::msg::PointCloud2>::[01;31m[KSharedPtr[m[K publisher_imu;
      |                                                       [01;31m[K^~~~~~~~~[m[K
      |                                                                [32m[K;[m[K
[01m[K/home/akun/workspace/CAR/simulation_ws/sim_imu/src/sim_imu.cpp:7:65:[m[K [01;31m[Kerror: [m[Kâ€˜[01m[Kpublisher_imu[m[Kâ€™ does not name a type; did you mean â€˜[01m[KPublisher[m[Kâ€™?
    7 |     rclcpp::Publisher<sensor_msgs::msg::PointCloud2>::SharedPtr [01;31m[Kpublisher_imu[m[K;
      |                                                                 [01;31m[K^~~~~~~~~~~~~[m[K
      |                                                                 [32m[KPublisher[m[K
[01m[K/home/akun/workspace/CAR/simulation_ws/sim_imu/src/sim_imu.cpp:[m[K In constructor â€˜[01m[KPublisher::Publisher(const string&)[m[Kâ€™:
[01m[K/home/akun/workspace/CAR/simulation_ws/sim_imu/src/sim_imu.cpp:10:15:[m[K [01;31m[Kerror: [m[Kâ€˜[01m[Kclass Publisher[m[Kâ€™ has no member named â€˜[01m[Kpublisher_imu[m[Kâ€™; did you mean â€˜[01m[KPublisher[m[Kâ€™?
   10 |         this->[01;31m[Kpublisher_imu[m[K = this->create_publisher<sensor_msgs::msg::Imu>("/my_imu",10);
      |               [01;31m[K^~~~~~~~~~~~~[m[K
      |               [32m[KPublisher[m[K
[01m[K/home/akun/workspace/CAR/simulation_ws/sim_imu/src/sim_imu.cpp:12:9:[m[K [01;31m[Kerror: [m[Kâ€˜[01m[Ktimer[m[Kâ€™ was not declared in this scope; did you mean â€˜[01m[Ktimex[m[Kâ€™?
   12 |         [01;31m[Ktimer[m[K = this->create_wall_timer(std::chrono::seconds(1),std::bind(&Publisher::timer_callback, this);
      |         [01;31m[K^~~~~[m[K
      |         [32m[Ktimex[m[K
[01m[K/home/akun/workspace/CAR/simulation_ws/sim_imu/src/sim_imu.cpp:12:108:[m[K [01;31m[Kerror: [m[Kexpected â€˜[01m[K)[m[Kâ€™ before â€˜[01m[K;[m[Kâ€™ token
   12 |         timer = this->create_wall_timer(std::chrono::seconds(1),std::bind(&Publisher::timer_callback, this)[01;31m[K;[m[K
      |                                                                                                            [01;31m[K^[m[K
[01m[K/home/akun/workspace/CAR/simulation_ws/sim_imu/src/sim_imu.cpp:12:40:[m[K [01;36m[Knote: [m[Kto match this â€˜[01m[K([m[Kâ€™
   12 |         timer = this->create_wall_timer[01;36m[K([m[Kstd::chrono::seconds(1),std::bind(&Publisher::timer_callback, this);
      |                                        [01;36m[K^[m[K
[01m[K/home/akun/workspace/CAR/simulation_ws/sim_imu/src/sim_imu.cpp:[m[K In member function â€˜[01m[Kvoid Publisher::timer_callback()[m[Kâ€™:
[01m[K/home/akun/workspace/CAR/simulation_ws/sim_imu/src/sim_imu.cpp:37:9:[m[K [01;31m[Kerror: [m[Kâ€˜[01m[Kpublisher_imu[m[Kâ€™ was not declared in this scope; did you mean â€˜[01m[KPublisher[m[Kâ€™?
   37 |         [01;31m[Kpublisher_imu[m[K->publish(msg);
      |         [01;31m[K^~~~~~~~~~~~~[m[K
      |         [32m[KPublisher[m[K
gmake[2]: *** [CMakeFiles/sim_imu.dir/build.make:76: CMakeFiles/sim_imu.dir/src/sim_imu.cpp.o] Error 1
gmake[1]: *** [CMakeFiles/Makefile2:137: CMakeFiles/sim_imu.dir/all] Error 2
gmake: *** [Makefile:146: all] Error 2
