[0.013s] Invoking command in '/home/akun/workspace/CAR/simulation_ws/build/sim_imu': CMAKE_PREFIX_PATH=${CMAKE_PREFIX_PATH}:/opt/ros/humble /usr/bin/cmake --build /home/akun/workspace/CAR/simulation_ws/build/sim_imu -- -j32 -l32
[0.041s] -- Found ament_cmake: 1.3.12 (/opt/ros/humble/share/ament_cmake/cmake)
[0.127s] -- Found rclcpp: 16.0.14 (/opt/ros/humble/share/rclcpp/cmake)
[0.261s] -- Found rosidl_generator_c: 3.1.7 (/opt/ros/humble/share/rosidl_generator_c/cmake)
[0.263s] -- Found rosidl_adapter: 3.1.7 (/opt/ros/humble/share/rosidl_adapter/cmake)
[0.267s] -- Found rosidl_generator_cpp: 3.1.7 (/opt/ros/humble/share/rosidl_generator_cpp/cmake)
[0.274s] -- Using all available rosidl_typesupport_c: rosidl_typesupport_fastrtps_c;rosidl_typesupport_introspection_c
[0.282s] -- Using all available rosidl_typesupport_cpp: rosidl_typesupport_fastrtps_cpp;rosidl_typesupport_introspection_cpp
[0.306s] -- Found rmw_implementation_cmake: 6.1.2 (/opt/ros/humble/share/rmw_implementation_cmake/cmake)
[0.307s] -- Found rmw_fastrtps_cpp: 6.2.8 (/opt/ros/humble/share/rmw_fastrtps_cpp/cmake)
[4.316s] -- Using RMW implementation 'rmw_fastrtps_cpp' as default
[4.353s] -- Found sensor_msgs: 4.9.0 (/opt/ros/humble/share/sensor_msgs/cmake)
[4.375s] -- Found ament_lint_auto: 0.12.14 (/opt/ros/humble/share/ament_lint_auto/cmake)
[4.423s] -- Added test 'cppcheck' to perform static code analysis on C / C++ code
[4.423s] -- Configured cppcheck include dirs: 
[4.423s] -- Configured cppcheck exclude dirs and/or files: 
[4.424s] -- Added test 'lint_cmake' to check CMake code style
[4.425s] -- Added test 'uncrustify' to check C / C++ code style
[4.425s] -- Configured uncrustify additional arguments: 
[4.425s] -- Added test 'xmllint' to check XML markup files
[4.426s] -- Configuring done
[4.437s] -- Generating done
[4.441s] -- Build files have been written to: /home/akun/workspace/CAR/simulation_ws/build/sim_imu
[4.468s] [ 50%] [32mBuilding CXX object CMakeFiles/sim_imu.dir/src/sim_imu.cpp.o[0m
[6.468s] [01m[K/home/akun/workspace/CAR/simulation_ws/sim_imu/src/sim_imu.cpp:7:41:[m[K [01;31m[Kerror: [m[Kâ€˜[01m[KPointCloud2[m[Kâ€™ is not a member of â€˜[01m[Ksensor_msgs::msg[m[Kâ€™
[6.468s]     7 |     rclcpp::Publisher<sensor_msgs::msg::[01;31m[KPointCloud2[m[K>::SharedPtr publisher_imu;
[6.469s]       |                                         [01;31m[K^~~~~~~~~~~[m[K
[6.469s] [01m[K/home/akun/workspace/CAR/simulation_ws/sim_imu/src/sim_imu.cpp:7:52:[m[K [01;31m[Kerror: [m[Ktemplate argument 1 is invalid
[6.469s]     7 |     rclcpp::Publisher<sensor_msgs::msg::PointCloud2[01;31m[K>[m[K::SharedPtr publisher_imu;
[6.469s]       |                                                    [01;31m[K^[m[K
[6.469s] [01m[K/home/akun/workspace/CAR/simulation_ws/sim_imu/src/sim_imu.cpp:7:55:[m[K [01;31m[Kerror: [m[Kexpected â€˜[01m[K;[m[Kâ€™ at end of member declaration
[6.469s]     7 |     rclcpp::Publisher<sensor_msgs::msg::PointCloud2>::[01;31m[KSharedPtr[m[K publisher_imu;
[6.469s]       |                                                       [01;31m[K^~~~~~~~~[m[K
[6.469s]       |                                                                [32m[K;[m[K
[6.470s] [01m[K/home/akun/workspace/CAR/simulation_ws/sim_imu/src/sim_imu.cpp:7:65:[m[K [01;31m[Kerror: [m[Kâ€˜[01m[Kpublisher_imu[m[Kâ€™ does not name a type; did you mean â€˜[01m[KPublisher[m[Kâ€™?
[6.470s]     7 |     rclcpp::Publisher<sensor_msgs::msg::PointCloud2>::SharedPtr [01;31m[Kpublisher_imu[m[K;
[6.470s]       |                                                                 [01;31m[K^~~~~~~~~~~~~[m[K
[6.470s]       |                                                                 [32m[KPublisher[m[K
[6.471s] [01m[K/home/akun/workspace/CAR/simulation_ws/sim_imu/src/sim_imu.cpp:[m[K In constructor â€˜[01m[KPublisher::Publisher(const string&)[m[Kâ€™:
[6.471s] [01m[K/home/akun/workspace/CAR/simulation_ws/sim_imu/src/sim_imu.cpp:10:15:[m[K [01;31m[Kerror: [m[Kâ€˜[01m[Kclass Publisher[m[Kâ€™ has no member named â€˜[01m[Kpublisher_imu[m[Kâ€™; did you mean â€˜[01m[KPublisher[m[Kâ€™?
[6.471s]    10 |         this->[01;31m[Kpublisher_imu[m[K = this->create_publisher<sensor_msgs::msg::Imu>("/my_imu",10);
[6.471s]       |               [01;31m[K^~~~~~~~~~~~~[m[K
[6.471s]       |               [32m[KPublisher[m[K
[6.481s] [01m[K/home/akun/workspace/CAR/simulation_ws/sim_imu/src/sim_imu.cpp:12:9:[m[K [01;31m[Kerror: [m[Kâ€˜[01m[Ktimer[m[Kâ€™ was not declared in this scope; did you mean â€˜[01m[Ktimex[m[Kâ€™?
[6.481s]    12 |         [01;31m[Ktimer[m[K = this->create_wall_timer(std::chrono::seconds(1),std::bind(&Publisher::timer_callback, this);
[6.481s]       |         [01;31m[K^~~~~[m[K
[6.482s]       |         [32m[Ktimex[m[K
[6.482s] [01m[K/home/akun/workspace/CAR/simulation_ws/sim_imu/src/sim_imu.cpp:12:108:[m[K [01;31m[Kerror: [m[Kexpected â€˜[01m[K)[m[Kâ€™ before â€˜[01m[K;[m[Kâ€™ token
[6.482s]    12 |         timer = this->create_wall_timer(std::chrono::seconds(1),std::bind(&Publisher::timer_callback, this)[01;31m[K;[m[K
[6.482s]       |                                                                                                            [01;31m[K^[m[K
[6.482s] [01m[K/home/akun/workspace/CAR/simulation_ws/sim_imu/src/sim_imu.cpp:12:40:[m[K [01;36m[Knote: [m[Kto match this â€˜[01m[K([m[Kâ€™
[6.482s]    12 |         timer = this->create_wall_timer[01;36m[K([m[Kstd::chrono::seconds(1),std::bind(&Publisher::timer_callback, this);
[6.482s]       |                                        [01;36m[K^[m[K
[6.486s] [01m[K/home/akun/workspace/CAR/simulation_ws/sim_imu/src/sim_imu.cpp:[m[K In member function â€˜[01m[Kvoid Publisher::timer_callback()[m[Kâ€™:
[6.486s] [01m[K/home/akun/workspace/CAR/simulation_ws/sim_imu/src/sim_imu.cpp:37:9:[m[K [01;31m[Kerror: [m[Kâ€˜[01m[Kpublisher_imu[m[Kâ€™ was not declared in this scope; did you mean â€˜[01m[KPublisher[m[Kâ€™?
[6.486s]    37 |         [01;31m[Kpublisher_imu[m[K->publish(msg);
[6.486s]       |         [01;31m[K^~~~~~~~~~~~~[m[K
[6.486s]       |         [32m[KPublisher[m[K
[7.007s] gmake[2]: *** [CMakeFiles/sim_imu.dir/build.make:76: CMakeFiles/sim_imu.dir/src/sim_imu.cpp.o] Error 1
[7.008s] gmake[1]: *** [CMakeFiles/Makefile2:137: CMakeFiles/sim_imu.dir/all] Error 2
[7.008s] gmake: *** [Makefile:146: all] Error 2
[7.010s] Invoked command in '/home/akun/workspace/CAR/simulation_ws/build/sim_imu' returned '2': CMAKE_PREFIX_PATH=${CMAKE_PREFIX_PATH}:/opt/ros/humble /usr/bin/cmake --build /home/akun/workspace/CAR/simulation_ws/build/sim_imu -- -j32 -l32
