[0.011s] Invoking command in '/home/akun/workspace/CAR/1_URDF_ws/build/ros2_livox_simulation': CMAKE_PREFIX_PATH=${CMAKE_PREFIX_PATH}:/opt/ros/humble /usr/bin/cmake --build /home/akun/workspace/CAR/1_URDF_ws/build/ros2_livox_simulation -- -j32 -l32
[0.097s] [35m[1mConsolidate compiler generated dependencies of target ros2_livox[0m
[0.179s] [ 33%] [32mBuilding CXX object CMakeFiles/ros2_livox.dir/src/livox_points_plugin.cpp.o[0m
[2.337s] In file included from [01m[K/home/akun/workspace/CAR/1_URDF_ws/src/livox_laser_simulation_RO2/include/ros2_livox/livox_points_plugin.h:14[m[K,
[2.337s]                  from [01m[K/home/akun/workspace/CAR/1_URDF_ws/src/livox_laser_simulation_RO2/src/livox_points_plugin.cpp:12[m[K:
[2.337s] [01m[K/opt/ros/humble/include/sensor_msgs/sensor_msgs/point_cloud_conversion.hpp:47:6:[m[K [01;35m[Kwarning: [m[K#warning POINT_CLOUD_DEPRECATION_MESSAGE [[01;35m[K]8;;https://gcc.gnu.org/onlinedocs/gcc/Warning-Options.html#index-Wcpp-Wcpp]8;;[m[K]
[2.337s]    47 | #    [01;35m[Kwarning[m[K POINT_CLOUD_DEPRECATION_MESSAGE
[2.337s]       |      [01;35m[K^~~~~~~[m[K
[6.821s] [01m[K/home/akun/workspace/CAR/1_URDF_ws/src/livox_laser_simulation_RO2/src/livox_points_plugin.cpp:[m[K In member function â€˜[01m[Kvirtual void gazebo::LivoxPointsPlugin::OnNewLaserScans()[m[Kâ€™:
[6.821s] [01m[K/home/akun/workspace/CAR/1_URDF_ws/src/livox_laser_simulation_RO2/src/livox_points_plugin.cpp:151:22:[m[K [01;31m[Kerror: [m[Kâ€˜[01m[KPointCloud2Modifier[m[Kâ€™ is not a member of â€˜[01m[Ksensor_msgs[m[Kâ€™
[6.821s]   151 |         sensor_msgs::[01;31m[KPointCloud2Modifier[m[K modifier(cloud2);
[6.821s]       |                      [01;31m[K^~~~~~~~~~~~~~~~~~~[m[K
[6.844s] [01m[K/home/akun/workspace/CAR/1_URDF_ws/src/livox_laser_simulation_RO2/src/livox_points_plugin.cpp:152:9:[m[K [01;31m[Kerror: [m[Kâ€˜[01m[Kmodifier[m[Kâ€™ was not declared in this scope
[6.844s]   152 |         [01;31m[Kmodifier[m[K.setPointCloud2FieldsByString(2, "xyz", "rgb");
[6.844s]       |         [01;31m[K^~~~~~~~[m[K
[6.846s] [01m[K/home/akun/workspace/CAR/1_URDF_ws/src/livox_laser_simulation_RO2/src/livox_points_plugin.cpp:155:22:[m[K [01;31m[Kerror: [m[Kâ€˜[01m[KPointCloud2Iterator[m[Kâ€™ is not a member of â€˜[01m[Ksensor_msgs[m[Kâ€™
[6.846s]   155 |         sensor_msgs::[01;31m[KPointCloud2Iterator[m[K<float> out_x(cloud2, "x");
[6.846s]       |                      [01;31m[K^~~~~~~~~~~~~~~~~~~[m[K
[6.846s] [01m[K/home/akun/workspace/CAR/1_URDF_ws/src/livox_laser_simulation_RO2/src/livox_points_plugin.cpp:155:42:[m[K [01;31m[Kerror: [m[Kexpected primary-expression before â€˜[01m[Kfloat[m[Kâ€™
[6.846s]   155 |         sensor_msgs::PointCloud2Iterator<[01;31m[Kfloat[m[K> out_x(cloud2, "x");
[6.846s]       |                                          [01;31m[K^~~~~[m[K
[6.848s] [01m[K/home/akun/workspace/CAR/1_URDF_ws/src/livox_laser_simulation_RO2/src/livox_points_plugin.cpp:156:22:[m[K [01;31m[Kerror: [m[Kâ€˜[01m[KPointCloud2Iterator[m[Kâ€™ is not a member of â€˜[01m[Ksensor_msgs[m[Kâ€™
[6.848s]   156 |         sensor_msgs::[01;31m[KPointCloud2Iterator[m[K<float> out_y(cloud2, "y");
[6.848s]       |                      [01;31m[K^~~~~~~~~~~~~~~~~~~[m[K
[6.848s] [01m[K/home/akun/workspace/CAR/1_URDF_ws/src/livox_laser_simulation_RO2/src/livox_points_plugin.cpp:156:42:[m[K [01;31m[Kerror: [m[Kexpected primary-expression before â€˜[01m[Kfloat[m[Kâ€™
[6.848s]   156 |         sensor_msgs::PointCloud2Iterator<[01;31m[Kfloat[m[K> out_y(cloud2, "y");
[6.848s]       |                                          [01;31m[K^~~~~[m[K
[6.849s] [01m[K/home/akun/workspace/CAR/1_URDF_ws/src/livox_laser_simulation_RO2/src/livox_points_plugin.cpp:157:22:[m[K [01;31m[Kerror: [m[Kâ€˜[01m[KPointCloud2Iterator[m[Kâ€™ is not a member of â€˜[01m[Ksensor_msgs[m[Kâ€™
[6.849s]   157 |         sensor_msgs::[01;31m[KPointCloud2Iterator[m[K<float> out_z(cloud2, "z");
[6.849s]       |                      [01;31m[K^~~~~~~~~~~~~~~~~~~[m[K
[6.849s] [01m[K/home/akun/workspace/CAR/1_URDF_ws/src/livox_laser_simulation_RO2/src/livox_points_plugin.cpp:157:42:[m[K [01;31m[Kerror: [m[Kexpected primary-expression before â€˜[01m[Kfloat[m[Kâ€™
[6.849s]   157 |         sensor_msgs::PointCloud2Iterator<[01;31m[Kfloat[m[K> out_z(cloud2, "z");
[6.849s]       |                                          [01;31m[K^~~~~[m[K
[6.860s] [01m[K/home/akun/workspace/CAR/1_URDF_ws/src/livox_laser_simulation_RO2/src/livox_points_plugin.cpp:184:14:[m[K [01;31m[Kerror: [m[Kâ€˜[01m[Kout_x[m[Kâ€™ was not declared in this scope
[6.860s]   184 |             *[01;31m[Kout_x[m[K = point.X();
[6.860s]       |              [01;31m[K^~~~~[m[K
[6.871s] [01m[K/home/akun/workspace/CAR/1_URDF_ws/src/livox_laser_simulation_RO2/src/livox_points_plugin.cpp:185:14:[m[K [01;31m[Kerror: [m[Kâ€˜[01m[Kout_y[m[Kâ€™ was not declared in this scope
[6.871s]   185 |             *[01;31m[Kout_y[m[K = point.Y();
[6.871s]       |              [01;31m[K^~~~~[m[K
[6.880s] [01m[K/home/akun/workspace/CAR/1_URDF_ws/src/livox_laser_simulation_RO2/src/livox_points_plugin.cpp:186:14:[m[K [01;31m[Kerror: [m[Kâ€˜[01m[Kout_z[m[Kâ€™ was not declared in this scope
[6.881s]   186 |             *[01;31m[Kout_z[m[K = point.Z();
[6.881s]       |              [01;31m[K^~~~~[m[K
[8.415s] gmake[2]: *** [CMakeFiles/ros2_livox.dir/build.make:76: CMakeFiles/ros2_livox.dir/src/livox_points_plugin.cpp.o] Error 1
[8.415s] gmake[1]: *** [CMakeFiles/Makefile2:137: CMakeFiles/ros2_livox.dir/all] Error 2
[8.415s] gmake: *** [Makefile:146: all] Error 2
[8.417s] Invoked command in '/home/akun/workspace/CAR/1_URDF_ws/build/ros2_livox_simulation' returned '2': CMAKE_PREFIX_PATH=${CMAKE_PREFIX_PATH}:/opt/ros/humble /usr/bin/cmake --build /home/akun/workspace/CAR/1_URDF_ws/build/ros2_livox_simulation -- -j32 -l32
