[0.008s] Invoking command in '/home/akun/workspace/CAR/real_ws/build/convert_laser': CMAKE_PREFIX_PATH=${CMAKE_PREFIX_PATH}:/opt/ros/humble /usr/bin/cmake --build /home/akun/workspace/CAR/real_ws/build/convert_laser -- -j32 -l32
[0.038s] [35m[1mConsolidate compiler generated dependencies of target convert[0m
[0.046s] [ 50%] [32mBuilding CXX object CMakeFiles/convert.dir/src/convert.cpp.o[0m
[1.319s] [01m[K/home/akun/workspace/CAR/real_ws/convert_laser/src/convert.cpp:[m[K In member function â€˜[01m[Kvoid Subscriber::callback_laser(livox_ros_driver2::msg::CustomMsg)[m[Kâ€™:
[1.319s] [01m[K/home/akun/workspace/CAR/real_ws/convert_laser/src/convert.cpp:41:25:[m[K [01;31m[Kerror: [m[Kâ€˜[01m[Kpoints_pair[m[Kâ€™ was not declared in this scope
[1.319s]    41 |         modifier.resize([01;31m[Kpoints_pair[m[K.size());
[1.319s]       |                         [01;31m[K^~~~~~~~~~~[m[K
[2.756s] gmake[2]: *** [CMakeFiles/convert.dir/build.make:76: CMakeFiles/convert.dir/src/convert.cpp.o] Error 1
[2.756s] gmake[1]: *** [CMakeFiles/Makefile2:137: CMakeFiles/convert.dir/all] Error 2
[2.756s] gmake: *** [Makefile:146: all] Error 2
[2.759s] Invoked command in '/home/akun/workspace/CAR/real_ws/build/convert_laser' returned '2': CMAKE_PREFIX_PATH=${CMAKE_PREFIX_PATH}:/opt/ros/humble /usr/bin/cmake --build /home/akun/workspace/CAR/real_ws/build/convert_laser -- -j32 -l32
