[0.019s] Invoking command in '/home/akun/workspace/CAR/simulation_ws/build/convert_time': CMAKE_PREFIX_PATH=${CMAKE_PREFIX_PATH}:/opt/ros/humble /usr/bin/cmake --build /home/akun/workspace/CAR/simulation_ws/build/convert_time -- -j32 -l32
[0.104s] [ 50%] [32mBuilding CXX object CMakeFiles/convert_time.dir/src/convert_time.cpp.o[0m
[1.616s] [01m[K/home/akun/workspace/CAR/simulation_ws/convert_time/src/convert_time.cpp:[m[K In member function â€˜[01m[Kvoid Subscriber::callback_imu(sensor_msgs::msg::Imu_<std::allocator<void> >::SharedPtr)[m[Kâ€™:
[1.616s] [01m[K/home/akun/workspace/CAR/simulation_ws/convert_time/src/convert_time.cpp:45:9:[m[K [01;31m[Kerror: [m[Kâ€˜[01m[Kimus[m[Kâ€™ was not declared in this scope; did you mean â€˜[01m[Kimu[m[Kâ€™?
[1.616s]    45 |         [01;31m[Kimus[m[K->header.frame_id="imu_link";
[1.616s]       |         [01;31m[K^~~~[m[K
[1.616s]       |         [32m[Kimu[m[K
[3.620s] gmake[2]: *** [CMakeFiles/convert_time.dir/build.make:76: CMakeFiles/convert_time.dir/src/convert_time.cpp.o] Error 1
[3.620s] gmake[1]: *** [CMakeFiles/Makefile2:137: CMakeFiles/convert_time.dir/all] Error 2
[3.620s] gmake: *** [Makefile:146: all] Error 2
[3.622s] Invoked command in '/home/akun/workspace/CAR/simulation_ws/build/convert_time' returned '2': CMAKE_PREFIX_PATH=${CMAKE_PREFIX_PATH}:/opt/ros/humble /usr/bin/cmake --build /home/akun/workspace/CAR/simulation_ws/build/convert_time -- -j32 -l32
