[35m[1mConsolidate compiler generated dependencies of target sim_imu[0m
[ 50%] [32mBuilding CXX object CMakeFiles/sim_imu.dir/src/sim_imu.cpp.o[0m
[01m[K/home/akun/workspace/CAR/simulation_ws/sim_imu/src/sim_imu.cpp:9:21:[m[K [01;31m[Kerror: [m[Kâ€˜[01m[Ktf2_ros[m[Kâ€™ was not declared in this scope
    9 |     std::shared_ptr<[01;31m[Ktf2_ros[m[K::StaticTransformBroadcaster> static_tf_brd;
      |                     [01;31m[K^~~~~~~[m[K
[01m[K/home/akun/workspace/CAR/simulation_ws/sim_imu/src/sim_imu.cpp:9:56:[m[K [01;31m[Kerror: [m[Ktemplate argument 1 is invalid
    9 |     std::shared_ptr<tf2_ros::StaticTransformBroadcaster[01;31m[K>[m[K static_tf_brd;
      |                                                        [01;31m[K^[m[K
[01m[K/home/akun/workspace/CAR/simulation_ws/sim_imu/src/sim_imu.cpp:[m[K In constructor â€˜[01m[KPublisher::Publisher(const string&)[m[Kâ€™:
[01m[K/home/akun/workspace/CAR/simulation_ws/sim_imu/src/sim_imu.cpp:19:48:[m[K [01;31m[Kerror: [m[Kâ€˜[01m[Ktf2_ros[m[Kâ€™ was not declared in this scope
   19 |         this->static_tf_brd = std::make_shared<[01;31m[Ktf2_ros[m[K::StaticTransformBroadcaster>(this);
      |                                                [01;31m[K^~~~~~~[m[K
[01m[K/home/akun/workspace/CAR/simulation_ws/sim_imu/src/sim_imu.cpp:19:36:[m[K [01;31m[Kerror: [m[Kparse error in template argument list
   19 |         this->static_tf_brd = std::[01;31m[Kmake_shared<tf2_ros::StaticTransformBroadcaster>[m[K(this);
      |                                    [01;31m[K^~~~~~~~~~~~~~~~~~~~~~~~~~~~~~~~~~~~~~~~~~~~~~~~[m[K
[01m[K/home/akun/workspace/CAR/simulation_ws/sim_imu/src/sim_imu.cpp:19:84:[m[K [01;31m[Kerror: [m[Kno matching function for call to â€˜[01m[Kmake_shared<<expression error> >(Publisher*)[m[Kâ€™
   19 |  this->static_tf_brd = [01;31m[Kstd::make_shared<tf2_ros::StaticTransformBroadcaster>(this)[m[K;
      |                        [01;31m[K~~~~~~~~~~~~~~~~~~~~~~~~~~~~~~~~~~~~~~~~~~~~~~~~~~~~~^~~~~~[m[K

In file included from [01m[K/usr/include/c++/11/memory:77[m[K,
                 from [01m[K/opt/ros/humble/include/rclcpp/rclcpp/rclcpp.hpp:153[m[K,
                 from [01m[K/home/akun/workspace/CAR/simulation_ws/sim_imu/src/sim_imu.cpp:1[m[K:
[01m[K/usr/include/c++/11/bits/shared_ptr.h:875:5:[m[K [01;36m[Knote: [m[Kcandidate: â€˜[01m[Ktemplate<class _Tp, class ... _Args> std::shared_ptr<_Tp> std::make_shared(_Args&& ...)[m[Kâ€™
  875 |     [01;36m[Kmake_shared[m[K(_Args&&... __args)
      |     [01;36m[K^~~~~~~~~~~[m[K
[01m[K/usr/include/c++/11/bits/shared_ptr.h:875:5:[m[K [01;36m[Knote: [m[K  template argument deduction/substitution failed:
[01m[K/home/akun/workspace/CAR/simulation_ws/sim_imu/src/sim_imu.cpp:19:84:[m[K [01;31m[Kerror: [m[Ktemplate argument 1 is invalid
   19 |  this->static_tf_brd = [01;31m[Kstd::make_shared<tf2_ros::StaticTransformBroadcaster>(this)[m[K;
      |                        [01;31m[K~~~~~~~~~~~~~~~~~~~~~~~~~~~~~~~~~~~~~~~~~~~~~~~~~~~~~^~~~~~[m[K

[01m[K/home/akun/workspace/CAR/simulation_ws/sim_imu/src/sim_imu.cpp:[m[K In member function â€˜[01m[Kvoid Publisher::publish_static_tf()[m[Kâ€™:
[01m[K/home/akun/workspace/CAR/simulation_ws/sim_imu/src/sim_imu.cpp:49:29:[m[K [01;31m[Kerror: [m[Kâ€˜[01m[KTransformStamped[m[Kâ€™ is not a member of â€˜[01m[Kgeometry_msgs::msg[m[Kâ€™
   49 |         geometry_msgs::msg::[01;31m[KTransformStamped[m[K tf;
      |                             [01;31m[K^~~~~~~~~~~~~~~~[m[K
[01m[K/home/akun/workspace/CAR/simulation_ws/sim_imu/src/sim_imu.cpp:50:9:[m[K [01;31m[Kerror: [m[Kâ€˜[01m[Ktf[m[Kâ€™ was not declared in this scope; did you mean â€˜[01m[Ktm[m[Kâ€™?
   50 |         [01;31m[Ktf[m[K.header.stamp = this->get_clock()->now();
      |         [01;31m[K^~[m[K
      |         [32m[Ktm[m[K
[01m[K/home/akun/workspace/CAR/simulation_ws/sim_imu/src/sim_imu.cpp:58:9:[m[K [01;31m[Kerror: [m[Kâ€˜[01m[Ktf2[m[Kâ€™ has not been declared
   58 |         [01;31m[Ktf2[m[K::Quaternion q;
      |         [01;31m[K^~~[m[K
[01m[K/home/akun/workspace/CAR/simulation_ws/sim_imu/src/sim_imu.cpp:59:9:[m[K [01;31m[Kerror: [m[Kâ€˜[01m[Kq[m[Kâ€™ was not declared in this scope
   59 |         [01;31m[Kq[m[K.setRPY(0.0, 0.0, 0.0);
      |         [01;31m[K^[m[K
[01m[K/home/akun/workspace/CAR/simulation_ws/sim_imu/src/sim_imu.cpp:64:28:[m[K [01;31m[Kerror: [m[Kbase operand of â€˜[01m[K->[m[Kâ€™ is not a pointer
   64 |         this->static_tf_brd[01;31m[K->[m[KsendTransform(tf);
      |                            [01;31m[K^~[m[K
gmake[2]: *** [CMakeFiles/sim_imu.dir/build.make:76: CMakeFiles/sim_imu.dir/src/sim_imu.cpp.o] Error 1
gmake[1]: *** [CMakeFiles/Makefile2:137: CMakeFiles/sim_imu.dir/all] Error 2
gmake: *** [Makefile:146: all] Error 2
