[01m[K/home/akun/workspace/CAR/real_ws/convert_laser/src/convert.cpp:12:21:[m[K [01;31m[Kerror: [m[Kâ€˜[01m[Ktf2_ros[m[Kâ€™ was not declared in this scope
   12 |     std::shared_ptr<[01;31m[Ktf2_ros[m[K::StaticTransformBroadcaster> static_tf_brd;
      |                     [01;31m[K^~~~~~~[m[K
[01m[K/home/akun/workspace/CAR/real_ws/convert_laser/src/convert.cpp:12:56:[m[K [01;31m[Kerror: [m[Ktemplate argument 1 is invalid
   12 |     std::shared_ptr<tf2_ros::StaticTransformBroadcaster[01;31m[K>[m[K static_tf_brd;
      |                                                        [01;31m[K^[m[K
[01m[K/home/akun/workspace/CAR/real_ws/convert_laser/src/convert.cpp:[m[K In constructor â€˜[01m[KSubscriber::Subscriber(const string&)[m[Kâ€™:
[01m[K/home/akun/workspace/CAR/real_ws/convert_laser/src/convert.cpp:22:48:[m[K [01;31m[Kerror: [m[Kâ€˜[01m[Ktf2_ros[m[Kâ€™ was not declared in this scope
   22 |         this->static_tf_brd = std::make_shared<[01;31m[Ktf2_ros[m[K::StaticTransformBroadcaster>(this);
      |                                                [01;31m[K^~~~~~~[m[K
[01m[K/home/akun/workspace/CAR/real_ws/convert_laser/src/convert.cpp:22:36:[m[K [01;31m[Kerror: [m[Kparse error in template argument list
   22 |         this->static_tf_brd = std::[01;31m[Kmake_shared<tf2_ros::StaticTransformBroadcaster>[m[K(this);
      |                                    [01;31m[K^~~~~~~~~~~~~~~~~~~~~~~~~~~~~~~~~~~~~~~~~~~~~~~~[m[K
[01m[K/home/akun/workspace/CAR/real_ws/convert_laser/src/convert.cpp:22:84:[m[K [01;31m[Kerror: [m[Kno matching function for call to â€˜[01m[Kmake_shared<<expression error> >(Subscriber*)[m[Kâ€™
   22 |         this->static_tf_brd = [01;31m[Kstd::make_shared<tf2_ros::StaticTransformBroadcaster>(this)[m[K;
      |                               [01;31m[K~~~~~~~~~~~~~~~~~~~~~~~~~~~~~~~~~~~~~~~~~~~~~~~~~~~~~^~~~~~[m[K
In file included from [01m[K/usr/include/c++/11/memory:77[m[K,
                 from [01m[K/opt/ros/humble/include/rclcpp/rclcpp/rclcpp.hpp:153[m[K,
                 from [01m[K/home/akun/workspace/CAR/real_ws/convert_laser/src/convert.cpp:1[m[K:
[01m[K/usr/include/c++/11/bits/shared_ptr.h:875:5:[m[K [01;36m[Knote: [m[Kcandidate: â€˜[01m[Ktemplate<class _Tp, class ... _Args> std::shared_ptr<_Tp> std::make_shared(_Args&& ...)[m[Kâ€™
  875 |     [01;36m[Kmake_shared[m[K(_Args&&... __args)
      |     [01;36m[K^~~~~~~~~~~[m[K
[01m[K/usr/include/c++/11/bits/shared_ptr.h:875:5:[m[K [01;36m[Knote: [m[K  template argument deduction/substitution failed:
[01m[K/home/akun/workspace/CAR/real_ws/convert_laser/src/convert.cpp:22:84:[m[K [01;31m[Kerror: [m[Ktemplate argument 1 is invalid
   22 |         this->static_tf_brd = [01;31m[Kstd::make_shared<tf2_ros::StaticTransformBroadcaster>(this)[m[K;
      |                               [01;31m[K~~~~~~~~~~~~~~~~~~~~~~~~~~~~~~~~~~~~~~~~~~~~~~~~~~~~~^~~~~~[m[K
[01m[K/home/akun/workspace/CAR/real_ws/convert_laser/src/convert.cpp:[m[K In member function â€˜[01m[Kvoid Subscriber::publish_static_tf()[m[Kâ€™:
[01m[K/home/akun/workspace/CAR/real_ws/convert_laser/src/convert.cpp:122:9:[m[K [01;31m[Kerror: [m[Kâ€˜[01m[Kgeometry_msgs[m[Kâ€™ has not been declared
  122 |         [01;31m[Kgeometry_msgs[m[K::msg::TransformStamped tf;
      |         [01;31m[K^~~~~~~~~~~~~[m[K
[01m[K/home/akun/workspace/CAR/real_ws/convert_laser/src/convert.cpp:123:9:[m[K [01;31m[Kerror: [m[Kâ€˜[01m[Ktf[m[Kâ€™ was not declared in this scope; did you mean â€˜[01m[Ktm[m[Kâ€™?
  123 |         [01;31m[Ktf[m[K.header.stamp = this->get_clock()->now();
      |         [01;31m[K^~[m[K
      |         [32m[Ktm[m[K
[01m[K/home/akun/workspace/CAR/real_ws/convert_laser/src/convert.cpp:131:9:[m[K [01;31m[Kerror: [m[Kâ€˜[01m[Ktf2[m[Kâ€™ has not been declared
  131 |         [01;31m[Ktf2[m[K::Quaternion q;
      |         [01;31m[K^~~[m[K
[01m[K/home/akun/workspace/CAR/real_ws/convert_laser/src/convert.cpp:132:9:[m[K [01;31m[Kerror: [m[Kâ€˜[01m[Kq[m[Kâ€™ was not declared in this scope
  132 |         [01;31m[Kq[m[K.setRPY(0.0, 0.0, 0.0);
      |         [01;31m[K^[m[K
[01m[K/home/akun/workspace/CAR/real_ws/convert_laser/src/convert.cpp:137:28:[m[K [01;31m[Kerror: [m[Kbase operand of â€˜[01m[K->[m[Kâ€™ is not a pointer
  137 |         this->static_tf_brd[01;31m[K->[m[KsendTransform(tf);
      |                            [01;31m[K^~[m[K
gmake[2]: *** [CMakeFiles/convert.dir/build.make:76: CMakeFiles/convert.dir/src/convert.cpp.o] Error 1
gmake[1]: *** [CMakeFiles/Makefile2:137: CMakeFiles/convert.dir/all] Error 2
gmake: *** [Makefile:146: all] Error 2
