[ 50%] [32mBuilding CXX object CMakeFiles/convert.dir/src/convert.cpp.o[0m
[01m[K/home/akun/workspace/CAR/real_ws/convert_laser/src/convert.cpp:[m[K In member function â€˜[01m[Kvoid Subscriber::callback_laser(livox_ros_driver2::msg::CustomMsg)[m[Kâ€™:
[01m[K/home/akun/workspace/CAR/real_ws/convert_laser/src/convert.cpp:28:22:[m[K [01;31m[Kerror: [m[Kâ€˜[01m[KPointCloud2Modifier[m[Kâ€™ is not a member of â€˜[01m[Ksensor_msgs[m[Kâ€™
   28 |         sensor_msgs::[01;31m[KPointCloud2Modifier[m[K modifier(cloud2);
      |                      [01;31m[K^~~~~~~~~~~~~~~~~~~[m[K
[01m[K/home/akun/workspace/CAR/real_ws/convert_laser/src/convert.cpp:29:9:[m[K [01;31m[Kerror: [m[Kâ€˜[01m[Kmodifier[m[Kâ€™ was not declared in this scope
   29 |         [01;31m[Kmodifier[m[K.setPointCloud2FieldsByString(3, "xyz", "rgb","ring");
      |         [01;31m[K^~~~~~~~[m[K
[01m[K/home/akun/workspace/CAR/real_ws/convert_laser/src/convert.cpp:40:25:[m[K [01;31m[Kerror: [m[Kâ€˜[01m[Kpoints_pair[m[Kâ€™ was not declared in this scope
   40 |         modifier.resize([01;31m[Kpoints_pair[m[K.size());
      |                         [01;31m[K^~~~~~~~~~~[m[K
gmake[2]: *** [CMakeFiles/convert.dir/build.make:76: CMakeFiles/convert.dir/src/convert.cpp.o] Error 1
gmake[1]: *** [CMakeFiles/Makefile2:137: CMakeFiles/convert.dir/all] Error 2
gmake: *** [Makefile:146: all] Error 2
