[35m[1mConsolidate compiler generated dependencies of target ros2_livox[0m
[ 33%] [32mBuilding CXX object CMakeFiles/ros2_livox.dir/src/livox_points_plugin.cpp.o[0m
In file included from [01m[K/home/akun/workspace/CAR/1_URDF_ws/src/livox_laser_simulation_RO2/include/ros2_livox/livox_points_plugin.h:14[m[K,
                 from [01m[K/home/akun/workspace/CAR/1_URDF_ws/src/livox_laser_simulation_RO2/src/livox_points_plugin.cpp:17[m[K:
[01m[K/opt/ros/humble/include/sensor_msgs/sensor_msgs/point_cloud_conversion.hpp:47:6:[m[K [01;35m[Kwarning: [m[K#warning POINT_CLOUD_DEPRECATION_MESSAGE [[01;35m[K]8;;https://gcc.gnu.org/onlinedocs/gcc/Warning-Options.html#index-Wcpp-Wcpp]8;;[m[K]
   47 | #    [01;35m[Kwarning[m[K POINT_CLOUD_DEPRECATION_MESSAGE
      |      [01;35m[K^~~~~~~[m[K
[01m[K/home/akun/workspace/CAR/1_URDF_ws/src/livox_laser_simulation_RO2/src/livox_points_plugin.cpp:[m[K In member function ‚Äò[01m[Kvirtual void gazebo::LivoxPointsPlugin::OnNewLaserScans()[m[K‚Äô:
[01m[K/home/akun/workspace/CAR/1_URDF_ws/src/livox_laser_simulation_RO2/src/livox_points_plugin.cpp:193:59:[m[K [01;31m[Kerror: [m[K‚Äò[01m[Kstruct gazebo::AviaRotateInfo[m[K‚Äô has no member named ‚Äò[01m[Kline[m[K‚Äô
  193 |             *out_ring = static_cast<uint16_t>(rotate_info.[01;31m[Kline[m[K); // ÂÅáËÆæAviaRotateInfo‰∏≠ÊúâlineÂ≠óÊÆµË°®Á§∫ringÂÄº
      |                                                           [01;31m[K^~~~[m[K
gmake[2]: *** [CMakeFiles/ros2_livox.dir/build.make:76: CMakeFiles/ros2_livox.dir/src/livox_points_plugin.cpp.o] Error 1
gmake[1]: *** [CMakeFiles/Makefile2:137: CMakeFiles/ros2_livox.dir/all] Error 2
gmake: *** [Makefile:146: all] Error 2
