[35m[1mConsolidate compiler generated dependencies of target sim_imu[0m
[ 50%] [32mBuilding CXX object CMakeFiles/sim_imu.dir/src/sim_imu.cpp.o[0m
[01m[K/home/akun/workspace/CAR/simulation_ws/sim_imu/src/sim_imu.cpp:7:41:[m[K [01;31m[Kerror: [m[Kâ€˜[01m[KPointCloud2[m[Kâ€™ is not a member of â€˜[01m[Ksensor_msgs::msg[m[Kâ€™
    7 |     rclcpp::Publisher<sensor_msgs::msg::[01;31m[KPointCloud2[m[K>::SharedPtr publisher_imu;
      |                                         [01;31m[K^~~~~~~~~~~[m[K
[01m[K/home/akun/workspace/CAR/simulation_ws/sim_imu/src/sim_imu.cpp:7:52:[m[K [01;31m[Kerror: [m[Ktemplate argument 1 is invalid
    7 |     rclcpp::Publisher<sensor_msgs::msg::PointCloud2[01;31m[K>[m[K::SharedPtr publisher_imu;
      |                                                    [01;31m[K^[m[K
[01m[K/home/akun/workspace/CAR/simulation_ws/sim_imu/src/sim_imu.cpp:7:55:[m[K [01;31m[Kerror: [m[Kexpected â€˜[01m[K;[m[Kâ€™ at end of member declaration
    7 |     rclcpp::Publisher<sensor_msgs::msg::PointCloud2>::[01;31m[KSharedPtr[m[K publisher_imu;
      |                                                       [01;31m[K^~~~~~~~~[m[K
      |                                                                [32m[K;[m[K
[01m[K/home/akun/workspace/CAR/simulation_ws/sim_imu/src/sim_imu.cpp:7:65:[m[K [01;31m[Kerror: [m[Kâ€˜[01m[Kpublisher_imu[m[Kâ€™ does not name a type; did you mean â€˜[01m[KPublisher[m[Kâ€™?
    7 |     rclcpp::Publisher<sensor_msgs::msg::PointCloud2>::SharedPtr [01;31m[Kpublisher_imu[m[K;
      |                                                                 [01;31m[K^~~~~~~~~~~~~[m[K
      |                                                                 [32m[KPublisher[m[K
[01m[K/home/akun/workspace/CAR/simulation_ws/sim_imu/src/sim_imu.cpp:[m[K In constructor â€˜[01m[KPublisher::Publisher(const string&)[m[Kâ€™:
[01m[K/home/akun/workspace/CAR/simulation_ws/sim_imu/src/sim_imu.cpp:10:15:[m[K [01;31m[Kerror: [m[Kâ€˜[01m[Kclass Publisher[m[Kâ€™ has no member named â€˜[01m[Kpublisher_imu[m[Kâ€™; did you mean â€˜[01m[KPublisher[m[Kâ€™?
   10 |         this->[01;31m[Kpublisher_imu[m[K = this->create_publisher<sensor_msgs::msg::Imu>("/my_imu",10);
      |               [01;31m[K^~~~~~~~~~~~~[m[K
      |               [32m[KPublisher[m[K
[01m[K/home/akun/workspace/CAR/simulation_ws/sim_imu/src/sim_imu.cpp:12:9:[m[K [01;31m[Kerror: [m[Kâ€˜[01m[Ktimer[m[Kâ€™ was not declared in this scope; did you mean â€˜[01m[Ktimex[m[Kâ€™?
   12 |         [01;31m[Ktimer[m[K = this->create_wall_timer(std::chrono::seconds(1),std::bind(&Publisher::timer_callback, this));
      |         [01;31m[K^~~~~[m[K
      |         [32m[Ktimex[m[K
[01m[K/home/akun/workspace/CAR/simulation_ws/sim_imu/src/sim_imu.cpp:[m[K In member function â€˜[01m[Kvoid Publisher::timer_callback()[m[Kâ€™:
[01m[K/home/akun/workspace/CAR/simulation_ws/sim_imu/src/sim_imu.cpp:37:9:[m[K [01;31m[Kerror: [m[Kâ€˜[01m[Kpublisher_imu[m[Kâ€™ was not declared in this scope; did you mean â€˜[01m[KPublisher[m[Kâ€™?
   37 |         [01;31m[Kpublisher_imu[m[K->publish(msg);
      |         [01;31m[K^~~~~~~~~~~~~[m[K
      |         [32m[KPublisher[m[K
gmake[2]: *** [CMakeFiles/sim_imu.dir/build.make:76: CMakeFiles/sim_imu.dir/src/sim_imu.cpp.o] Error 1
gmake[1]: *** [CMakeFiles/Makefile2:137: CMakeFiles/sim_imu.dir/all] Error 2
gmake: *** [Makefile:146: all] Error 2
